\BOOKMARK [1][-]{section.1}{Tasks}{}% 1
\BOOKMARK [2][-]{subsection.1.1}{Write requirements}{section.1}% 2
\BOOKMARK [3][-]{subsubsection.1.1.1}{Overall use of the program}{subsection.1.1}% 3
\BOOKMARK [3][-]{subsubsection.1.1.2}{Memory}{subsection.1.1}% 4
\BOOKMARK [3][-]{subsubsection.1.1.3}{Expression}{subsection.1.1}% 5
\BOOKMARK [3][-]{subsubsection.1.1.4}{Variable assignments}{subsection.1.1}% 6
\BOOKMARK [3][-]{subsubsection.1.1.5}{Equality tests}{subsection.1.1}% 7
\BOOKMARK [3][-]{subsubsection.1.1.6}{Functions assignments}{subsection.1.1}% 8
\BOOKMARK [3][-]{subsubsection.1.1.7}{Expression parsing}{subsection.1.1}% 9
\BOOKMARK [2][-]{subsection.1.2}{Design test cases}{section.1}% 10
\BOOKMARK [3][-]{subsubsection.1.2.1}{Functions assignments}{subsection.1.2}% 11
\BOOKMARK [3][-]{subsubsection.1.2.2}{Variable assignments}{subsection.1.2}% 12
\BOOKMARK [3][-]{subsubsection.1.2.3}{Equality tests}{subsection.1.2}% 13
\BOOKMARK [3][-]{subsubsection.1.2.4}{Expression parsing}{subsection.1.2}% 14
\BOOKMARK [2][-]{subsection.1.3}{Assign Test cases}{section.1}% 15
\BOOKMARK [2][-]{subsection.1.4}{Execute test cases \(automation?\)}{section.1}% 16
\BOOKMARK [1][-]{section.2}{Short requirements}{}% 17
\BOOKMARK [1][-]{section.3}{Template}{}% 18
\BOOKMARK [2][-]{subsection.3.1}{Introduction}{section.3}% 19
\BOOKMARK [2][-]{subsection.3.2}{Test Goal}{section.3}% 20
\BOOKMARK [2][-]{subsection.3.3}{The Product}{section.3}% 21
\BOOKMARK [2][-]{subsection.3.4}{The Specification}{section.3}% 22
\BOOKMARK [2][-]{subsection.3.5}{Risks}{section.3}% 23
\BOOKMARK [2][-]{subsection.3.6}{Test Environment}{section.3}% 24
\BOOKMARK [2][-]{subsection.3.7}{Quality Characteristics}{section.3}% 25
\BOOKMARK [2][-]{subsection.3.8}{Levels and Types of Testing}{section.3}% 26
\BOOKMARK [2][-]{subsection.3.9}{Who will do the Testing}{section.3}% 27
\BOOKMARK [2][-]{subsection.3.10}{Test Generation Techniques}{section.3}% 28
\BOOKMARK [2][-]{subsection.3.11}{Test Automation}{section.3}% 29
\BOOKMARK [2][-]{subsection.3.12}{Exit Criteria}{section.3}% 30
\BOOKMARK [2][-]{subsection.3.13}{Testware}{section.3}% 31
\BOOKMARK [2][-]{subsection.3.14}{Issue Registration}{section.3}% 32
\BOOKMARK [1][-]{section.4}{Observations martijn}{}% 33
\BOOKMARK [2][-]{subsection.4.1}{Overall}{section.4}% 34
\BOOKMARK [2][-]{subsection.4.2}{Expression that crash}{section.4}% 35
\BOOKMARK [2][-]{subsection.4.3}{Expression with a wrong result}{section.4}% 36
\BOOKMARK [2][-]{subsection.4.4}{Other}{section.4}% 37
